22:47:12.862 [info] Child {LoggerFileBackend, :general_log} of Supervisor Logger.Backends.Supervisor started
Pid: #PID<0.114.0>
Start Call: Logger.Backends.Watcher.start_link({{LoggerFileBackend, :general_log}, {LoggerFileBackend, :general_log}})
Restart: :transient
Shutdown: 5000
Type: :worker
22:47:12.862 [info] Child Logger.Backends.Supervisor of Supervisor Logger.Backends.Internal started
Pid: #PID<0.113.0>
Start Call: Logger.Backends.Supervisor.start_link([{LoggerFileBackend, :general_log}])
Restart: :permanent
Shutdown: :infinity
Type: :supervisor
22:47:12.862 [info] Child Logger.Backends.Internal of Supervisor Logger.Supervisor started
Pid: #PID<0.109.0>
Start Call: Logger.Backends.Internal.start_link([])
Restart: :permanent
Shutdown: :infinity
Type: :supervisor
22:47:12.862 [info] Application logger started at :nonode@nohost
22:47:14.278 [info] Child :ttb_autostart of Supervisor :runtime_tools_sup started
Pid: #PID<0.1543.0>
Start Call: :ttb_autostart.start_link()
Restart: :temporary
Shutdown: 3000
Type: :worker
22:47:14.278 [info] Application runtime_tools started at :nonode@nohost
22:47:14.279 [info] Application erts started at :nonode@nohost
22:47:14.279 [info] Application lx_lexical_shared started at :nonode@nohost
22:47:14.279 [info] Application lx_lexical_test started at :nonode@nohost
22:47:14.282 [info] Child LXSnowflake.Generator of Supervisor #PID<0.1546.0> (Supervisor.Default) started
Pid: #PID<0.1547.0>
Start Call: LXSnowflake.Generator.start_link(1704070800000, 1)
Restart: :permanent
Shutdown: 5000
Type: :worker
22:47:14.282 [info] Application lx_snowflake started at :nonode@nohost
22:47:14.282 [info] Application lx_sourceror started at :nonode@nohost
22:47:14.282 [info] Application lx_common started at :nonode@nohost
22:47:14.282 [info] Application lx_elixir_sense started at :nonode@nohost
22:47:14.282 [info] Application jason started at :nonode@nohost
22:47:14.283 [info] Application logger_file_backend started at :nonode@nohost
22:47:14.283 [info] Application lx_path_glob started at :nonode@nohost
22:47:14.283 [info] Application lx_proto started at :nonode@nohost
22:47:14.283 [info] Application lx_protocol started at :nonode@nohost
22:47:14.310 [info] Child LXical.Document.Store of Supervisor LXical.Server.Supervisor started
Pid: #PID<0.1551.0>
Start Call: LXical.Document.Store.start_link([derive: [analysis: &LXical.Ast.analyze/1]])
Restart: :permanent
Shutdown: 5000
Type: :worker
22:47:14.316 [info] Child LXical.Server of Supervisor LXical.Server.Supervisor started
Pid: #PID<0.1552.0>
Start Call: LXical.Server.start_link([])
Restart: :permanent
Shutdown: 5000
Type: :worker
22:47:14.316 [info] Child LXical.Server.ProjectSupervisor of Supervisor LXical.Server.Supervisor started
Pid: #PID<0.1553.0>
Start Call: DynamicSupervisor.start_link([name: LXical.Server.ProjectSupervisor, strategy: :one_for_one])
Restart: :permanent
Shutdown: :infinity
Type: :supervisor
22:47:14.316 [info] Child LXical.Server.TaskQueue.State.TaskSupervisor of Supervisor LXical.Server.Supervisor started
Pid: #PID<0.1554.0>
Start Call: Task.Supervisor.start_link([name: LXical.Server.TaskQueue.State.TaskSupervisor])
Restart: :permanent
Shutdown: :infinity
Type: :supervisor
22:47:14.316 [info] Child LXical.Server.TaskQueue of Supervisor LXical.Server.Supervisor started
Pid: #PID<0.1555.0>
Start Call: LXical.Server.TaskQueue.start_link([])
Restart: :permanent
Shutdown: 5000
Type: :worker
22:47:14.316 [info] Child LXical.Server.Transport.StdIO of Supervisor LXical.Server.Supervisor started
Pid: #PID<0.1556.0>
Start Call: LXical.Server.Transport.StdIO.start_link(:standard_io, &LXical.Server.protocol_message/1)
Restart: :permanent
Shutdown: 5000
Type: :worker
22:47:14.316 [info] Application lx_server started at :nonode@nohost
22:47:14.337 [info] Starting project at uri 
22:47:14.348 [info] Lexical Initialized
22:47:14.352 [info] opened file:///home/ppp/minji/work/techtalks/elixir-introduction/demo/sum_sup_worker.exs
22:47:14.656 [error] GenServer LXical.Server terminating
** (FunctionClauseError) no function clause matching in IO.chardata_to_string/1
    (elixir 1.18.3) lib/io.ex:710: IO.chardata_to_string(nil)
    (elixir 1.18.3) lib/path.ex:507: Path.basename/1
    (lx_lexical_shared 0.5.0) lib/lexical/project.ex:60: LXical.Project.name/1
    (lx_lexical_shared 0.5.0) lib/lexical/project.ex:80: LXical.Project.node_name/1
    (lx_remote_control 0.7.2) lib/lexical/remote_control.ex:115: LXical.RemoteControl.call/4
    (lx_server 0.7.2) lib/lexical/server/state.ex:164: LXical.Server.State.apply/2
    (lx_server 0.7.2) lib/lexical/server.ex:154: LXical.Server.apply_to_state/2
    (lx_server 0.7.2) lib/lexical/server.ex:117: LXical.Server.handle_message/2
Last message: {:"$gen_cast", {:protocol_message, %{__struct__: LXical.Protocol.Notifications.DidChange, document: nil, lsp: %{__struct__: LXical.Protocol.Notifications.DidChange.LSP, text_document: #Protocol.Types.TextDocument.Versioned.Identifier<[version: 4, uri: "file:///home/ppp/minji/work/techtalks/elixir-introduction/demo/sum_sup_worker.exs"]>, method: "textDocument/didChange", jsonrpc: "2.0", content_changes: [#Protocol.Types.TextDocument.ContentChangeEvent.TextDocumentContentChangeEvent<[range: #Protocol.Types.Range<[start: #Protocol.Types.Position<[line: 9, character: 20]>, end: #Protocol.Types.Position<[line: 10, character: 0]>]>, text: "\n  \n", range_length: 1]>, #Protocol.Types.TextDocument.ContentChangeEvent.TextDocumentContentChangeEvent<[range: #Protocol.Types.Range<[start: #Protocol.Types.Position<[line: 10, character: 2]>, end: #Protocol.Types.Position<[line: 10, character: 2]>]>, text: "  ", range_length: 0]>]}, text_document: nil, method: "textDocument/didChange", jsonrpc: "2.0", content_changes: nil}}}
State: %{__struct__: LXical.Server.State, configuration: %{__struct__: LXical.Server.Configuration, project: %{__struct__: LXical.Project, entropy: 58033, project_module: nil, mix_exs_uri: nil, mix_project?: false, root_uri: nil, env_variables: %{}, mix_env: nil, mix_target: nil}, support: %{deprecated: false, __struct__: LXical.Server.Configuration.Support, snippet: false, work_done_progress: true, tags: false, signature_help: #Protocol.Types.SignatureHelp.ClientCapabilities<[dynamic_registration: false, signature_information: #Protocol.Types.SignatureHelp.ClientCapabilities.SignatureInformation<[documentation_format: [:markdown, :plain_text], active_parameter_support: true, parameter_information: #Protocol.Types.SignatureHelp.ClientCapabilities.ParameterInformation<[label_offset_support: true]>]>]>, code_action_dynamic_registration: true, hierarchical_symbols: true}, client_name: "Neovim", dialyzer_enabled?: false, additional_watched_extensions: nil}, in_flight_requests: %{}, initialized?: true, shutdown_received?: false}
22:47:14.679 [error] Process LXical.Server (#PID<0.1552.0>) terminating
** (FunctionClauseError) no function clause matching in IO.chardata_to_string/1
    (elixir 1.18.3) lib/io.ex:710: IO.chardata_to_string(nil)
    (elixir 1.18.3) lib/path.ex:507: Path.basename/1
    (lx_lexical_shared 0.5.0) lib/lexical/project.ex:60: LXical.Project.name/1
    (lx_lexical_shared 0.5.0) lib/lexical/project.ex:80: LXical.Project.node_name/1
    (lx_remote_control 0.7.2) lib/lexical/remote_control.ex:115: LXical.RemoteControl.call/4
    (lx_server 0.7.2) lib/lexical/server/state.ex:164: LXical.Server.State.apply/2
    (lx_server 0.7.2) lib/lexical/server.ex:154: LXical.Server.apply_to_state/2
    (lx_server 0.7.2) lib/lexical/server.ex:117: LXical.Server.handle_message/2
Initial Call: LXical.Server.init/1
Ancestors: [LXical.Server.Supervisor, #PID<0.1549.0>]
Message Queue Length: 0
Messages: []
Links: [#PID<0.1550.0>]
Dictionary: [rand_seed: {%{type: :exsss, next: #Function<0.40079776/1 in :rand.exsss_next>, bits: 58, uniform: #Function<1.40079776/1 in :rand.exsss_uniform>, uniform_n: #Function<2.40079776/2 in :rand.exsss_uniform>, jump: #Function<3.40079776/1 in :rand.exsplus_jump>}, [252295378320261642 | 135314769010532853]}]
Trapping Exits: false
Status: :running
Heap Size: 6772
Stack Size: 29
Reductions: 27172
22:47:14.680 [error] Child LXical.Server of Supervisor LXical.Server.Supervisor terminated
** (exit) an exception was raised:
    ** (FunctionClauseError) no function clause matching in IO.chardata_to_string/1
        (elixir 1.18.3) lib/io.ex:710: IO.chardata_to_string(nil)
        (elixir 1.18.3) lib/path.ex:507: Path.basename/1
        (lx_lexical_shared 0.5.0) lib/lexical/project.ex:60: LXical.Project.name/1
        (lx_lexical_shared 0.5.0) lib/lexical/project.ex:80: LXical.Project.node_name/1
        (lx_remote_control 0.7.2) lib/lexical/remote_control.ex:115: LXical.RemoteControl.call/4
        (lx_server 0.7.2) lib/lexical/server/state.ex:164: LXical.Server.State.apply/2
        (lx_server 0.7.2) lib/lexical/server.ex:154: LXical.Server.apply_to_state/2
        (lx_server 0.7.2) lib/lexical/server.ex:117: LXical.Server.handle_message/2
Pid: #PID<0.1552.0>
Start Call: LXical.Server.start_link([])
Restart: :permanent
Shutdown: 5000
Type: :worker
22:47:14.680 [info] Child LXical.Server of Supervisor LXical.Server.Supervisor started
Pid: #PID<0.1557.0>
Start Call: LXical.Server.start_link([])
Restart: :permanent
Shutdown: 5000
Type: :worker
22:47:15.287 [error] Received textDocument/didChange before server was initialized
22:47:15.289 [error] Failed to handle Elixir.LXical.Protocol.Notifications.DidChange, {{:error, :not_initialized}, %{__struct__: LXical.Server.State, configuration: nil, in_flight_requests: %{}, initialized?: false, shutdown_received?: false}}
22:47:15.289 [error] Could not handle message LXical.Protocol.Notifications.DidChange :ok
22:47:15.805 [error] Received textDocument/didChange before server was initialized
22:47:15.807 [error] Failed to handle Elixir.LXical.Protocol.Notifications.DidChange, {{:error, :not_initialized}, %{__struct__: LXical.Server.State, configuration: nil, in_flight_requests: %{}, initialized?: false, shutdown_received?: false}}
22:47:15.807 [error] Could not handle message LXical.Protocol.Notifications.DidChange :ok
22:47:15.825 [error] ** (FunctionClauseError) no function clause matching in LXical.Server.Provider.Handlers.Completion.handle/2
    (lx_server 0.7.2) lib/lexical/server/provider/handlers/completion.ex:13: LXical.Server.Provider.Handlers.Completion.handle(%{id: 2, position: LxPos<<11, 5>>, context: #Protocol.Types.Completion.Context<[trigger_kind: :trigger_character, trigger_character: ":"]>, __struct__: LXical.Protocol.Requests.Completion, document: #Inspect.Error<
  got UndefinedFunctionError with message:

      """
      function Code.Identifier.inspect_as_atom/1 is undefined or private
      """

  while inspecting:

      %{
        version: 4,
        path: "/home/ppp/minji/work/techtalks/elixir-introduction/demo/sum_sup_worker.exs",
        uri: "file:///home/ppp/minji/work/techtalks/elixir-introduction/demo/sum_sup_worker.exs",
        __struct__: LXical.Document,
        lines: %Lines<"defmodule SumWorker do..."(46 lines)>,
        dirty?: true,
        language_id: "elixir-script"
      }

  Stacktrace:

    (elixir 1.18.3) Code.Identifier.inspect_as_atom(LXical.Document)
    (lx_lexical_shared 0.5.0) lib/lexical/document.ex:25: Inspect.LXical.Document.inspect/2
    (elixir 1.18.3) lib/inspect/algebra.ex:348: Inspect.Algebra.to_doc/2
    (elixir 1.18.3) lib/inspect.ex:366: Inspect.List.keyword/2
    (elixir 1.18.3) lib/inspect/algebra.ex:479: Inspect.Algebra.container_each/6
    (elixir 1.18.3) lib/inspect/algebra.ex:456: Inspect.Algebra.container_doc/6
    (elixir 1.18.3) lib/inspect/algebra.ex:348: Inspect.Algebra.to_doc/2
    (elixir 1.18.3) lib/kernel.ex:2376: Kernel.inspect/2

>, lsp: %{id: 2, position: #Protocol.Types.Position<[line: 10, character: 6]>, context: #Protocol.Types.Completion.Context<[trigger_kind: :trigger_character, trigger_character: ":"]>, __struct__: LXical.Protocol.Requests.Completion.LSP, text_document: #Protocol.Types.TextDocument.Identifier<[uri: "file:///home/ppp/minji/work/techtalks/elixir-introduction/demo/sum_sup_worker.exs"]>, method: "textDocument/completion", jsonrpc: "2.0", partial_result_token: nil, work_done_token: nil}, text_document: #Protocol.Types.TextDocument.Identifier<[uri: "file:///home/ppp/minji/work/techtalks/elixir-introduction/demo/sum_sup_worker.exs"]>, method: "textDocument/completion", jsonrpc: "2.0", partial_result_token: nil, work_done_token: nil}, nil)
    (lx_server 0.7.2) lib/lexical/server/task_queue.ex:79: anonymous fn/4 in LXical.Server.TaskQueue.State.as_task/2
    (elixir 1.18.3) lib/task/supervised.ex:101: Task.Supervised.invoke_mfa/2
    (elixir 1.18.3) lib/task/supervised.ex:36: Task.Supervised.reply/4

22:47:15.826 [warning] Task Elixir.LXical.Server.Provider.Handlers.Completion.handle/2 ran for  14 ms. Result :success
22:47:16.673 [error] Received textDocument/didChange before server was initialized
22:47:16.675 [error] Failed to handle Elixir.LXical.Protocol.Notifications.DidChange, {{:error, :not_initialized}, %{__struct__: LXical.Server.State, configuration: nil, in_flight_requests: %{}, initialized?: false, shutdown_received?: false}}
22:47:16.675 [error] Could not handle message LXical.Protocol.Notifications.DidChange :ok
22:47:16.679 [error] ** (FunctionClauseError) no function clause matching in LXical.Server.Provider.Handlers.Completion.handle/2
    (lx_server 0.7.2) lib/lexical/server/provider/handlers/completion.ex:13: LXical.Server.Provider.Handlers.Completion.handle(%{id: 3, position: LxPos<<11, 5>>, context: #Protocol.Types.Completion.Context<[trigger_kind: :invoked]>, __struct__: LXical.Protocol.Requests.Completion, document: #Inspect.Error<
  got UndefinedFunctionError with message:

      """
      function Code.Identifier.inspect_as_atom/1 is undefined or private
      """

  while inspecting:

      %{
        version: 4,
        path: "/home/ppp/minji/work/techtalks/elixir-introduction/demo/sum_sup_worker.exs",
        uri: "file:///home/ppp/minji/work/techtalks/elixir-introduction/demo/sum_sup_worker.exs",
        __struct__: LXical.Document,
        lines: %Lines<"defmodule SumWorker do..."(46 lines)>,
        dirty?: true,
        language_id: "elixir-script"
      }

  Stacktrace:

    (elixir 1.18.3) Code.Identifier.inspect_as_atom(LXical.Document)
    (lx_lexical_shared 0.5.0) lib/lexical/document.ex:25: Inspect.LXical.Document.inspect/2
    (elixir 1.18.3) lib/inspect/algebra.ex:348: Inspect.Algebra.to_doc/2
    (elixir 1.18.3) lib/inspect.ex:366: Inspect.List.keyword/2
    (elixir 1.18.3) lib/inspect/algebra.ex:479: Inspect.Algebra.container_each/6
    (elixir 1.18.3) lib/inspect/algebra.ex:456: Inspect.Algebra.container_doc/6
    (elixir 1.18.3) lib/inspect/algebra.ex:348: Inspect.Algebra.to_doc/2
    (elixir 1.18.3) lib/kernel.ex:2376: Kernel.inspect/2

>, lsp: %{id: 3, position: #Protocol.Types.Position<[line: 10, character: 7]>, context: #Protocol.Types.Completion.Context<[trigger_kind: :invoked]>, __struct__: LXical.Protocol.Requests.Completion.LSP, text_document: #Protocol.Types.TextDocument.Identifier<[uri: "file:///home/ppp/minji/work/techtalks/elixir-introduction/demo/sum_sup_worker.exs"]>, method: "textDocument/completion", jsonrpc: "2.0", partial_result_token: nil, work_done_token: nil}, text_document: #Protocol.Types.TextDocument.Identifier<[uri: "file:///home/ppp/minji/work/techtalks/elixir-introduction/demo/sum_sup_worker.exs"]>, method: "textDocument/completion", jsonrpc: "2.0", partial_result_token: nil, work_done_token: nil}, nil)
    (lx_server 0.7.2) lib/lexical/server/task_queue.ex:79: anonymous fn/4 in LXical.Server.TaskQueue.State.as_task/2
    (elixir 1.18.3) lib/task/supervised.ex:101: Task.Supervised.invoke_mfa/2
    (elixir 1.18.3) lib/task/supervised.ex:36: Task.Supervised.reply/4

22:47:16.679 [warning] Task Elixir.LXical.Server.Provider.Handlers.Completion.handle/2 ran for  4 ms. Result :success
22:47:18.991 [error] Received textDocument/didChange before server was initialized
22:47:18.993 [error] Failed to handle Elixir.LXical.Protocol.Notifications.DidChange, {{:error, :not_initialized}, %{__struct__: LXical.Server.State, configuration: nil, in_flight_requests: %{}, initialized?: false, shutdown_received?: false}}
22:47:18.993 [error] Could not handle message LXical.Protocol.Notifications.DidChange :ok
22:47:20.503 [error] Received textDocument/didChange before server was initialized
22:47:20.506 [error] Failed to handle Elixir.LXical.Protocol.Notifications.DidChange, {{:error, :not_initialized}, %{__struct__: LXical.Server.State, configuration: nil, in_flight_requests: %{}, initialized?: false, shutdown_received?: false}}
22:47:20.506 [error] Could not handle message LXical.Protocol.Notifications.DidChange :ok
22:47:21.069 [error] Received textDocument/didChange before server was initialized
22:47:21.071 [error] Failed to handle Elixir.LXical.Protocol.Notifications.DidChange, {{:error, :not_initialized}, %{__struct__: LXical.Server.State, configuration: nil, in_flight_requests: %{}, initialized?: false, shutdown_received?: false}}
22:47:21.071 [error] Could not handle message LXical.Protocol.Notifications.DidChange :ok
22:47:21.464 [error] Received textDocument/didChange before server was initialized
22:47:21.466 [error] Failed to handle Elixir.LXical.Protocol.Notifications.DidChange, {{:error, :not_initialized}, %{__struct__: LXical.Server.State, configuration: nil, in_flight_requests: %{}, initialized?: false, shutdown_received?: false}}
22:47:21.466 [error] Could not handle message LXical.Protocol.Notifications.DidChange :ok
22:47:21.471 [error] ** (FunctionClauseError) no function clause matching in LXical.Server.Provider.Handlers.Completion.handle/2
    (lx_server 0.7.2) lib/lexical/server/provider/handlers/completion.ex:13: LXical.Server.Provider.Handlers.Completion.handle(%{id: 4, position: LxPos<<11, 5>>, context: #Protocol.Types.Completion.Context<[trigger_kind: :invoked]>, __struct__: LXical.Protocol.Requests.Completion, document: #Inspect.Error<
  got UndefinedFunctionError with message:

      """
      function Code.Identifier.inspect_as_atom/1 is undefined or private
      """

  while inspecting:

      %{
        version: 4,
        path: "/home/ppp/minji/work/techtalks/elixir-introduction/demo/sum_sup_worker.exs",
        uri: "file:///home/ppp/minji/work/techtalks/elixir-introduction/demo/sum_sup_worker.exs",
        __struct__: LXical.Document,
        lines: %Lines<"defmodule SumWorker do..."(46 lines)>,
        dirty?: true,
        language_id: "elixir-script"
      }

  Stacktrace:

    (elixir 1.18.3) Code.Identifier.inspect_as_atom(LXical.Document)
    (lx_lexical_shared 0.5.0) lib/lexical/document.ex:25: Inspect.LXical.Document.inspect/2
    (elixir 1.18.3) lib/inspect/algebra.ex:348: Inspect.Algebra.to_doc/2
    (elixir 1.18.3) lib/inspect.ex:366: Inspect.List.keyword/2
    (elixir 1.18.3) lib/inspect/algebra.ex:479: Inspect.Algebra.container_each/6
    (elixir 1.18.3) lib/inspect/algebra.ex:456: Inspect.Algebra.container_doc/6
    (elixir 1.18.3) lib/inspect/algebra.ex:348: Inspect.Algebra.to_doc/2
    (elixir 1.18.3) lib/kernel.ex:2376: Kernel.inspect/2

>, lsp: %{id: 4, position: #Protocol.Types.Position<[line: 10, character: 11]>, context: #Protocol.Types.Completion.Context<[trigger_kind: :invoked]>, __struct__: LXical.Protocol.Requests.Completion.LSP, text_document: #Protocol.Types.TextDocument.Identifier<[uri: "file:///home/ppp/minji/work/techtalks/elixir-introduction/demo/sum_sup_worker.exs"]>, method: "textDocument/completion", jsonrpc: "2.0", partial_result_token: nil, work_done_token: nil}, text_document: #Protocol.Types.TextDocument.Identifier<[uri: "file:///home/ppp/minji/work/techtalks/elixir-introduction/demo/sum_sup_worker.exs"]>, method: "textDocument/completion", jsonrpc: "2.0", partial_result_token: nil, work_done_token: nil}, nil)
    (lx_server 0.7.2) lib/lexical/server/task_queue.ex:79: anonymous fn/4 in LXical.Server.TaskQueue.State.as_task/2
    (elixir 1.18.3) lib/task/supervised.ex:101: Task.Supervised.invoke_mfa/2
    (elixir 1.18.3) lib/task/supervised.ex:36: Task.Supervised.reply/4

22:47:21.471 [warning] Task Elixir.LXical.Server.Provider.Handlers.Completion.handle/2 ran for  4 ms. Result :success
22:47:21.977 [error] Received textDocument/didChange before server was initialized
22:47:21.979 [error] Failed to handle Elixir.LXical.Protocol.Notifications.DidChange, {{:error, :not_initialized}, %{__struct__: LXical.Server.State, configuration: nil, in_flight_requests: %{}, initialized?: false, shutdown_received?: false}}
22:47:21.979 [error] Could not handle message LXical.Protocol.Notifications.DidChange :ok
22:47:22.128 [error] Received textDocument/didChange before server was initialized
22:47:22.135 [error] Failed to handle Elixir.LXical.Protocol.Notifications.DidChange, {{:error, :not_initialized}, %{__struct__: LXical.Server.State, configuration: nil, in_flight_requests: %{}, initialized?: false, shutdown_received?: false}}
22:47:22.135 [error] Could not handle message LXical.Protocol.Notifications.DidChange :ok
22:47:22.279 [error] Received textDocument/didChange before server was initialized
22:47:22.281 [error] Failed to handle Elixir.LXical.Protocol.Notifications.DidChange, {{:error, :not_initialized}, %{__struct__: LXical.Server.State, configuration: nil, in_flight_requests: %{}, initialized?: false, shutdown_received?: false}}
22:47:22.281 [error] Could not handle message LXical.Protocol.Notifications.DidChange :ok
22:47:23.084 [error] Received textDocument/didChange before server was initialized
22:47:23.086 [error] Failed to handle Elixir.LXical.Protocol.Notifications.DidChange, {{:error, :not_initialized}, %{__struct__: LXical.Server.State, configuration: nil, in_flight_requests: %{}, initialized?: false, shutdown_received?: false}}
22:47:23.086 [error] Could not handle message LXical.Protocol.Notifications.DidChange :ok
22:47:23.945 [error] Received textDocument/didSave before server was initialized
22:47:23.947 [error] Failed to handle Elixir.LXical.Protocol.Notifications.DidSave, {{:error, :not_initialized}, %{__struct__: LXical.Server.State, configuration: nil, in_flight_requests: %{}, initialized?: false, shutdown_received?: false}}
22:47:23.947 [error] Could not handle message LXical.Protocol.Notifications.DidSave :ok
22:47:25.321 [error] Received shutdown before server was initialized
22:47:25.323 [error] Failed to handle Elixir.LXical.Protocol.Requests.Shutdown, {{:error, :not_initialized}, %{__struct__: LXical.Server.State, configuration: nil, in_flight_requests: %{}, initialized?: false, shutdown_received?: false}}
22:47:25.323 [error] Could not handle message LXical.Protocol.Requests.Shutdown :ok
22:47:25.828 [error] stdio received :eof, server will stop.
22:47:25.828 [error] Child LXical.Server.Transport.StdIO of Supervisor LXical.Server.Supervisor terminated
** (exit) normal
Pid: #PID<0.1556.0>
Start Call: LXical.Server.Transport.StdIO.start_link(:standard_io, &LXical.Server.protocol_message/1)
Restart: :permanent
Shutdown: 5000
Type: :worker
22:47:25.828 [info] Child LXical.Server.Transport.StdIO of Supervisor LXical.Server.Supervisor started
Pid: #PID<0.1561.0>
Start Call: LXical.Server.Transport.StdIO.start_link(:standard_io, &LXical.Server.protocol_message/1)
Restart: :permanent
Shutdown: 5000
Type: :worker
22:47:25.828 [error] stdio received :eof, server will stop.
22:47:37.231 [info] Child {LoggerFileBackend, :general_log} of Supervisor Logger.Backends.Supervisor started
Pid: #PID<0.114.0>
Start Call: Logger.Backends.Watcher.start_link({{LoggerFileBackend, :general_log}, {LoggerFileBackend, :general_log}})
Restart: :transient
Shutdown: 5000
Type: :worker
22:47:37.231 [info] Child Logger.Backends.Supervisor of Supervisor Logger.Backends.Internal started
Pid: #PID<0.113.0>
Start Call: Logger.Backends.Supervisor.start_link([{LoggerFileBackend, :general_log}])
Restart: :permanent
Shutdown: :infinity
Type: :supervisor
22:47:37.232 [info] Child Logger.Backends.Internal of Supervisor Logger.Supervisor started
Pid: #PID<0.109.0>
Start Call: Logger.Backends.Internal.start_link([])
Restart: :permanent
Shutdown: :infinity
Type: :supervisor
22:47:37.232 [info] Application logger started at :nonode@nohost
22:47:38.661 [info] Child :ttb_autostart of Supervisor :runtime_tools_sup started
Pid: #PID<0.1543.0>
Start Call: :ttb_autostart.start_link()
Restart: :temporary
Shutdown: 3000
Type: :worker
22:47:38.661 [info] Application runtime_tools started at :nonode@nohost
22:47:38.661 [info] Application erts started at :nonode@nohost
22:47:38.662 [info] Application lx_lexical_shared started at :nonode@nohost
22:47:38.662 [info] Application lx_lexical_test started at :nonode@nohost
22:47:38.663 [info] Child LXSnowflake.Generator of Supervisor #PID<0.1546.0> (Supervisor.Default) started
Pid: #PID<0.1547.0>
Start Call: LXSnowflake.Generator.start_link(1704070800000, 1)
Restart: :permanent
Shutdown: 5000
Type: :worker
22:47:38.663 [info] Application lx_snowflake started at :nonode@nohost
22:47:38.663 [info] Application lx_sourceror started at :nonode@nohost
22:47:38.663 [info] Application lx_common started at :nonode@nohost
22:47:38.663 [info] Application lx_elixir_sense started at :nonode@nohost
22:47:38.663 [info] Application jason started at :nonode@nohost
22:47:38.664 [info] Application logger_file_backend started at :nonode@nohost
22:47:38.664 [info] Application lx_path_glob started at :nonode@nohost
22:47:38.664 [info] Application lx_proto started at :nonode@nohost
22:47:38.664 [info] Application lx_protocol started at :nonode@nohost
22:47:38.683 [info] Child LXical.Document.Store of Supervisor LXical.Server.Supervisor started
Pid: #PID<0.1551.0>
Start Call: LXical.Document.Store.start_link([derive: [analysis: &LXical.Ast.analyze/1]])
Restart: :permanent
Shutdown: 5000
Type: :worker
22:47:38.688 [info] Child LXical.Server of Supervisor LXical.Server.Supervisor started
Pid: #PID<0.1552.0>
Start Call: LXical.Server.start_link([])
Restart: :permanent
Shutdown: 5000
Type: :worker
22:47:38.688 [info] Child LXical.Server.ProjectSupervisor of Supervisor LXical.Server.Supervisor started
Pid: #PID<0.1553.0>
Start Call: DynamicSupervisor.start_link([name: LXical.Server.ProjectSupervisor, strategy: :one_for_one])
Restart: :permanent
Shutdown: :infinity
Type: :supervisor
22:47:38.688 [info] Child LXical.Server.TaskQueue.State.TaskSupervisor of Supervisor LXical.Server.Supervisor started
Pid: #PID<0.1554.0>
Start Call: Task.Supervisor.start_link([name: LXical.Server.TaskQueue.State.TaskSupervisor])
Restart: :permanent
Shutdown: :infinity
Type: :supervisor
22:47:38.688 [info] Child LXical.Server.TaskQueue of Supervisor LXical.Server.Supervisor started
Pid: #PID<0.1555.0>
Start Call: LXical.Server.TaskQueue.start_link([])
Restart: :permanent
Shutdown: 5000
Type: :worker
22:47:38.688 [info] Child LXical.Server.Transport.StdIO of Supervisor LXical.Server.Supervisor started
Pid: #PID<0.1556.0>
Start Call: LXical.Server.Transport.StdIO.start_link(:standard_io, &LXical.Server.protocol_message/1)
Restart: :permanent
Shutdown: 5000
Type: :worker
22:47:38.688 [info] Application lx_server started at :nonode@nohost
22:47:38.705 [info] Starting project at uri 
22:47:38.714 [info] Lexical Initialized
22:47:38.717 [info] opened file:///home/ppp/minji/work/techtalks/elixir-introduction/demo/sum_sup_worker.exs
22:47:39.206 [error] GenServer LXical.Server terminating
** (FunctionClauseError) no function clause matching in IO.chardata_to_string/1
    (elixir 1.18.3) lib/io.ex:710: IO.chardata_to_string(nil)
    (elixir 1.18.3) lib/path.ex:507: Path.basename/1
    (lx_lexical_shared 0.5.0) lib/lexical/project.ex:60: LXical.Project.name/1
    (lx_lexical_shared 0.5.0) lib/lexical/project.ex:80: LXical.Project.node_name/1
    (lx_remote_control 0.7.2) lib/lexical/remote_control.ex:115: LXical.RemoteControl.call/4
    (lx_server 0.7.2) lib/lexical/server/state.ex:164: LXical.Server.State.apply/2
    (lx_server 0.7.2) lib/lexical/server.ex:154: LXical.Server.apply_to_state/2
    (lx_server 0.7.2) lib/lexical/server.ex:117: LXical.Server.handle_message/2
Last message: {:"$gen_cast", {:protocol_message, %{__struct__: LXical.Protocol.Notifications.DidChange, document: nil, lsp: %{__struct__: LXical.Protocol.Notifications.DidChange.LSP, text_document: #Protocol.Types.TextDocument.Versioned.Identifier<[version: 3, uri: "file:///home/ppp/minji/work/techtalks/elixir-introduction/demo/sum_sup_worker.exs"]>, method: "textDocument/didChange", jsonrpc: "2.0", content_changes: [#Protocol.Types.TextDocument.ContentChangeEvent.TextDocumentContentChangeEvent<[text: "\n    \n", range: #Protocol.Types.Range<[start: #Protocol.Types.Position<[line: 10, character: 16]>, end: #Protocol.Types.Position<[line: 11, character: 0]>]>, range_length: 1]>]}, text_document: nil, method: "textDocument/didChange", jsonrpc: "2.0", content_changes: nil}}}
State: %{__struct__: LXical.Server.State, configuration: %{__struct__: LXical.Server.Configuration, project: %{__struct__: LXical.Project, entropy: 19060, project_module: nil, mix_exs_uri: nil, mix_project?: false, root_uri: nil, env_variables: %{}, mix_env: nil, mix_target: nil}, support: %{deprecated: false, __struct__: LXical.Server.Configuration.Support, snippet: false, work_done_progress: true, tags: false, signature_help: #Protocol.Types.SignatureHelp.ClientCapabilities<[dynamic_registration: false, signature_information: #Protocol.Types.SignatureHelp.ClientCapabilities.SignatureInformation<[documentation_format: [:markdown, :plain_text], active_parameter_support: true, parameter_information: #Protocol.Types.SignatureHelp.ClientCapabilities.ParameterInformation<[label_offset_support: true]>]>]>, code_action_dynamic_registration: true, hierarchical_symbols: true}, client_name: "Neovim", dialyzer_enabled?: false, additional_watched_extensions: nil}, in_flight_requests: %{}, initialized?: true, shutdown_received?: false}
22:47:39.229 [error] Process LXical.Server (#PID<0.1552.0>) terminating
** (FunctionClauseError) no function clause matching in IO.chardata_to_string/1
    (elixir 1.18.3) lib/io.ex:710: IO.chardata_to_string(nil)
    (elixir 1.18.3) lib/path.ex:507: Path.basename/1
    (lx_lexical_shared 0.5.0) lib/lexical/project.ex:60: LXical.Project.name/1
    (lx_lexical_shared 0.5.0) lib/lexical/project.ex:80: LXical.Project.node_name/1
    (lx_remote_control 0.7.2) lib/lexical/remote_control.ex:115: LXical.RemoteControl.call/4
    (lx_server 0.7.2) lib/lexical/server/state.ex:164: LXical.Server.State.apply/2
    (lx_server 0.7.2) lib/lexical/server.ex:154: LXical.Server.apply_to_state/2
    (lx_server 0.7.2) lib/lexical/server.ex:117: LXical.Server.handle_message/2
Initial Call: LXical.Server.init/1
Ancestors: [LXical.Server.Supervisor, #PID<0.1549.0>]
Message Queue Length: 0
Messages: []
Links: [#PID<0.1550.0>]
Dictionary: [rand_seed: {%{type: :exsss, next: #Function<0.40079776/1 in :rand.exsss_next>, bits: 58, uniform: #Function<1.40079776/1 in :rand.exsss_uniform>, uniform_n: #Function<2.40079776/2 in :rand.exsss_uniform>, jump: #Function<3.40079776/1 in :rand.exsplus_jump>}, [69948161877712319 | 55570935893475769]}]
Trapping Exits: false
Status: :running
Heap Size: 6772
Stack Size: 29
Reductions: 25551
22:47:39.230 [error] Child LXical.Server of Supervisor LXical.Server.Supervisor terminated
** (exit) an exception was raised:
    ** (FunctionClauseError) no function clause matching in IO.chardata_to_string/1
        (elixir 1.18.3) lib/io.ex:710: IO.chardata_to_string(nil)
        (elixir 1.18.3) lib/path.ex:507: Path.basename/1
        (lx_lexical_shared 0.5.0) lib/lexical/project.ex:60: LXical.Project.name/1
        (lx_lexical_shared 0.5.0) lib/lexical/project.ex:80: LXical.Project.node_name/1
        (lx_remote_control 0.7.2) lib/lexical/remote_control.ex:115: LXical.RemoteControl.call/4
        (lx_server 0.7.2) lib/lexical/server/state.ex:164: LXical.Server.State.apply/2
        (lx_server 0.7.2) lib/lexical/server.ex:154: LXical.Server.apply_to_state/2
        (lx_server 0.7.2) lib/lexical/server.ex:117: LXical.Server.handle_message/2
Pid: #PID<0.1552.0>
Start Call: LXical.Server.start_link([])
Restart: :permanent
Shutdown: 5000
Type: :worker
22:47:39.231 [info] Child LXical.Server of Supervisor LXical.Server.Supervisor started
Pid: #PID<0.1557.0>
Start Call: LXical.Server.start_link([])
Restart: :permanent
Shutdown: 5000
Type: :worker
22:47:39.906 [error] Received textDocument/didChange before server was initialized
22:47:39.908 [error] Failed to handle Elixir.LXical.Protocol.Notifications.DidChange, {{:error, :not_initialized}, %{__struct__: LXical.Server.State, configuration: nil, in_flight_requests: %{}, initialized?: false, shutdown_received?: false}}
22:47:39.908 [error] Could not handle message LXical.Protocol.Notifications.DidChange :ok
22:47:39.932 [error] ** (FunctionClauseError) no function clause matching in LXical.Server.Provider.Handlers.Completion.handle/2
    (lx_server 0.7.2) lib/lexical/server/provider/handlers/completion.ex:13: LXical.Server.Provider.Handlers.Completion.handle(%{id: 2, position: LxPos<<12, 5>>, context: #Protocol.Types.Completion.Context<[trigger_kind: :invoked]>, __struct__: LXical.Protocol.Requests.Completion, document: #Inspect.Error<
  got UndefinedFunctionError with message:

      """
      function Code.Identifier.inspect_as_atom/1 is undefined or private
      """

  while inspecting:

      %{
        version: 3,
        path: "/home/ppp/minji/work/techtalks/elixir-introduction/demo/sum_sup_worker.exs",
        uri: "file:///home/ppp/minji/work/techtalks/elixir-introduction/demo/sum_sup_worker.exs",
        __struct__: LXical.Document,
        lines: %Lines<"defmodule SumWorker do..."(46 lines)>,
        dirty?: true,
        language_id: "elixir-script"
      }

  Stacktrace:

    (elixir 1.18.3) Code.Identifier.inspect_as_atom(LXical.Document)
    (lx_lexical_shared 0.5.0) lib/lexical/document.ex:25: Inspect.LXical.Document.inspect/2
    (elixir 1.18.3) lib/inspect/algebra.ex:348: Inspect.Algebra.to_doc/2
    (elixir 1.18.3) lib/inspect.ex:366: Inspect.List.keyword/2
    (elixir 1.18.3) lib/inspect/algebra.ex:479: Inspect.Algebra.container_each/6
    (elixir 1.18.3) lib/inspect/algebra.ex:456: Inspect.Algebra.container_doc/6
    (elixir 1.18.3) lib/inspect/algebra.ex:348: Inspect.Algebra.to_doc/2
    (elixir 1.18.3) lib/kernel.ex:2376: Kernel.inspect/2

>, lsp: %{id: 2, position: #Protocol.Types.Position<[line: 11, character: 5]>, context: #Protocol.Types.Completion.Context<[trigger_kind: :invoked]>, __struct__: LXical.Protocol.Requests.Completion.LSP, text_document: #Protocol.Types.TextDocument.Identifier<[uri: "file:///home/ppp/minji/work/techtalks/elixir-introduction/demo/sum_sup_worker.exs"]>, method: "textDocument/completion", jsonrpc: "2.0", partial_result_token: nil, work_done_token: nil}, text_document: #Protocol.Types.TextDocument.Identifier<[uri: "file:///home/ppp/minji/work/techtalks/elixir-introduction/demo/sum_sup_worker.exs"]>, method: "textDocument/completion", jsonrpc: "2.0", partial_result_token: nil, work_done_token: nil}, nil)
    (lx_server 0.7.2) lib/lexical/server/task_queue.ex:79: anonymous fn/4 in LXical.Server.TaskQueue.State.as_task/2
    (elixir 1.18.3) lib/task/supervised.ex:101: Task.Supervised.invoke_mfa/2
    (elixir 1.18.3) lib/task/supervised.ex:36: Task.Supervised.reply/4

22:47:39.932 [warning] Task Elixir.LXical.Server.Provider.Handlers.Completion.handle/2 ran for  19 ms. Result :success
22:47:40.080 [error] Received textDocument/didChange before server was initialized
22:47:40.082 [error] Failed to handle Elixir.LXical.Protocol.Notifications.DidChange, {{:error, :not_initialized}, %{__struct__: LXical.Server.State, configuration: nil, in_flight_requests: %{}, initialized?: false, shutdown_received?: false}}
22:47:40.082 [error] Could not handle message LXical.Protocol.Notifications.DidChange :ok
22:47:40.229 [error] Received textDocument/didChange before server was initialized
22:47:40.231 [error] Failed to handle Elixir.LXical.Protocol.Notifications.DidChange, {{:error, :not_initialized}, %{__struct__: LXical.Server.State, configuration: nil, in_flight_requests: %{}, initialized?: false, shutdown_received?: false}}
22:47:40.231 [error] Could not handle message LXical.Protocol.Notifications.DidChange :ok
22:47:40.378 [error] Received textDocument/didChange before server was initialized
22:47:40.380 [error] Failed to handle Elixir.LXical.Protocol.Notifications.DidChange, {{:error, :not_initialized}, %{__struct__: LXical.Server.State, configuration: nil, in_flight_requests: %{}, initialized?: false, shutdown_received?: false}}
22:47:40.380 [error] Could not handle message LXical.Protocol.Notifications.DidChange :ok
22:47:41.168 [error] Received textDocument/didChange before server was initialized
22:47:41.170 [error] Failed to handle Elixir.LXical.Protocol.Notifications.DidChange, {{:error, :not_initialized}, %{__struct__: LXical.Server.State, configuration: nil, in_flight_requests: %{}, initialized?: false, shutdown_received?: false}}
22:47:41.170 [error] Could not handle message LXical.Protocol.Notifications.DidChange :ok
22:47:42.338 [error] Received textDocument/didChange before server was initialized
22:47:42.339 [error] Failed to handle Elixir.LXical.Protocol.Notifications.DidChange, {{:error, :not_initialized}, %{__struct__: LXical.Server.State, configuration: nil, in_flight_requests: %{}, initialized?: false, shutdown_received?: false}}
22:47:42.339 [error] Could not handle message LXical.Protocol.Notifications.DidChange :ok
22:47:42.904 [error] Received textDocument/didChange before server was initialized
22:47:42.905 [error] Failed to handle Elixir.LXical.Protocol.Notifications.DidChange, {{:error, :not_initialized}, %{__struct__: LXical.Server.State, configuration: nil, in_flight_requests: %{}, initialized?: false, shutdown_received?: false}}
22:47:42.906 [error] Could not handle message LXical.Protocol.Notifications.DidChange :ok
22:47:43.516 [error] Received textDocument/didChange before server was initialized
22:47:43.517 [error] Failed to handle Elixir.LXical.Protocol.Notifications.DidChange, {{:error, :not_initialized}, %{__struct__: LXical.Server.State, configuration: nil, in_flight_requests: %{}, initialized?: false, shutdown_received?: false}}
22:47:43.517 [error] Could not handle message LXical.Protocol.Notifications.DidChange :ok
22:47:43.825 [error] Received textDocument/didChange before server was initialized
22:47:43.827 [error] Failed to handle Elixir.LXical.Protocol.Notifications.DidChange, {{:error, :not_initialized}, %{__struct__: LXical.Server.State, configuration: nil, in_flight_requests: %{}, initialized?: false, shutdown_received?: false}}
22:47:43.827 [error] Could not handle message LXical.Protocol.Notifications.DidChange :ok
22:47:44.332 [error] Received textDocument/didChange before server was initialized
22:47:44.333 [error] Failed to handle Elixir.LXical.Protocol.Notifications.DidChange, {{:error, :not_initialized}, %{__struct__: LXical.Server.State, configuration: nil, in_flight_requests: %{}, initialized?: false, shutdown_received?: false}}
22:47:44.333 [error] Could not handle message LXical.Protocol.Notifications.DidChange :ok
22:47:44.482 [error] Received textDocument/didChange before server was initialized
22:47:44.483 [error] Failed to handle Elixir.LXical.Protocol.Notifications.DidChange, {{:error, :not_initialized}, %{__struct__: LXical.Server.State, configuration: nil, in_flight_requests: %{}, initialized?: false, shutdown_received?: false}}
22:47:44.483 [error] Could not handle message LXical.Protocol.Notifications.DidChange :ok
22:47:44.976 [error] Received textDocument/didChange before server was initialized
22:47:44.978 [error] Failed to handle Elixir.LXical.Protocol.Notifications.DidChange, {{:error, :not_initialized}, %{__struct__: LXical.Server.State, configuration: nil, in_flight_requests: %{}, initialized?: false, shutdown_received?: false}}
22:47:44.978 [error] Could not handle message LXical.Protocol.Notifications.DidChange :ok
22:47:44.982 [error] ** (FunctionClauseError) no function clause matching in LXical.Server.Provider.Handlers.Completion.handle/2
    (lx_server 0.7.2) lib/lexical/server/provider/handlers/completion.ex:13: LXical.Server.Provider.Handlers.Completion.handle(%{id: 3, position: LxPos<<12, 5>>, context: #Protocol.Types.Completion.Context<[trigger_kind: :trigger_character, trigger_character: ":"]>, __struct__: LXical.Protocol.Requests.Completion, document: #Inspect.Error<
  got UndefinedFunctionError with message:

      """
      function Code.Identifier.inspect_as_atom/1 is undefined or private
      """

  while inspecting:

      %{
        version: 3,
        path: "/home/ppp/minji/work/techtalks/elixir-introduction/demo/sum_sup_worker.exs",
        uri: "file:///home/ppp/minji/work/techtalks/elixir-introduction/demo/sum_sup_worker.exs",
        __struct__: LXical.Document,
        lines: %Lines<"defmodule SumWorker do..."(46 lines)>,
        dirty?: true,
        language_id: "elixir-script"
      }

  Stacktrace:

    (elixir 1.18.3) Code.Identifier.inspect_as_atom(LXical.Document)
    (lx_lexical_shared 0.5.0) lib/lexical/document.ex:25: Inspect.LXical.Document.inspect/2
    (elixir 1.18.3) lib/inspect/algebra.ex:348: Inspect.Algebra.to_doc/2
    (elixir 1.18.3) lib/inspect.ex:366: Inspect.List.keyword/2
    (elixir 1.18.3) lib/inspect/algebra.ex:479: Inspect.Algebra.container_each/6
    (elixir 1.18.3) lib/inspect/algebra.ex:456: Inspect.Algebra.container_doc/6
    (elixir 1.18.3) lib/inspect/algebra.ex:348: Inspect.Algebra.to_doc/2
    (elixir 1.18.3) lib/kernel.ex:2376: Kernel.inspect/2

>, lsp: %{id: 3, position: #Protocol.Types.Position<[line: 11, character: 6]>, context: #Protocol.Types.Completion.Context<[trigger_kind: :trigger_character, trigger_character: ":"]>, __struct__: LXical.Protocol.Requests.Completion.LSP, text_document: #Protocol.Types.TextDocument.Identifier<[uri: "file:///home/ppp/minji/work/techtalks/elixir-introduction/demo/sum_sup_worker.exs"]>, method: "textDocument/completion", jsonrpc: "2.0", partial_result_token: nil, work_done_token: nil}, text_document: #Protocol.Types.TextDocument.Identifier<[uri: "file:///home/ppp/minji/work/techtalks/elixir-introduction/demo/sum_sup_worker.exs"]>, method: "textDocument/completion", jsonrpc: "2.0", partial_result_token: nil, work_done_token: nil}, nil)
    (lx_server 0.7.2) lib/lexical/server/task_queue.ex:79: anonymous fn/4 in LXical.Server.TaskQueue.State.as_task/2
    (elixir 1.18.3) lib/task/supervised.ex:101: Task.Supervised.invoke_mfa/2
    (elixir 1.18.3) lib/task/supervised.ex:36: Task.Supervised.reply/4

22:47:44.982 [warning] Task Elixir.LXical.Server.Provider.Handlers.Completion.handle/2 ran for  4 ms. Result :success
22:47:45.413 [error] Received textDocument/didChange before server was initialized
22:47:45.415 [error] Failed to handle Elixir.LXical.Protocol.Notifications.DidChange, {{:error, :not_initialized}, %{__struct__: LXical.Server.State, configuration: nil, in_flight_requests: %{}, initialized?: false, shutdown_received?: false}}
22:47:45.415 [error] Could not handle message LXical.Protocol.Notifications.DidChange :ok
22:47:45.420 [error] ** (FunctionClauseError) no function clause matching in LXical.Server.Provider.Handlers.Completion.handle/2
    (lx_server 0.7.2) lib/lexical/server/provider/handlers/completion.ex:13: LXical.Server.Provider.Handlers.Completion.handle(%{id: 4, position: LxPos<<12, 5>>, context: #Protocol.Types.Completion.Context<[trigger_kind: :invoked]>, __struct__: LXical.Protocol.Requests.Completion, document: #Inspect.Error<
  got UndefinedFunctionError with message:

      """
      function Code.Identifier.inspect_as_atom/1 is undefined or private
      """

  while inspecting:

      %{
        version: 3,
        path: "/home/ppp/minji/work/techtalks/elixir-introduction/demo/sum_sup_worker.exs",
        uri: "file:///home/ppp/minji/work/techtalks/elixir-introduction/demo/sum_sup_worker.exs",
        __struct__: LXical.Document,
        lines: %Lines<"defmodule SumWorker do..."(46 lines)>,
        dirty?: true,
        language_id: "elixir-script"
      }

  Stacktrace:

    (elixir 1.18.3) Code.Identifier.inspect_as_atom(LXical.Document)
    (lx_lexical_shared 0.5.0) lib/lexical/document.ex:25: Inspect.LXical.Document.inspect/2
    (elixir 1.18.3) lib/inspect/algebra.ex:348: Inspect.Algebra.to_doc/2
    (elixir 1.18.3) lib/inspect.ex:366: Inspect.List.keyword/2
    (elixir 1.18.3) lib/inspect/algebra.ex:479: Inspect.Algebra.container_each/6
    (elixir 1.18.3) lib/inspect/algebra.ex:456: Inspect.Algebra.container_doc/6
    (elixir 1.18.3) lib/inspect/algebra.ex:348: Inspect.Algebra.to_doc/2
    (elixir 1.18.3) lib/kernel.ex:2376: Kernel.inspect/2

>, lsp: %{id: 4, position: #Protocol.Types.Position<[line: 11, character: 7]>, context: #Protocol.Types.Completion.Context<[trigger_kind: :invoked]>, __struct__: LXical.Protocol.Requests.Completion.LSP, text_document: #Protocol.Types.TextDocument.Identifier<[uri: "file:///home/ppp/minji/work/techtalks/elixir-introduction/demo/sum_sup_worker.exs"]>, method: "textDocument/completion", jsonrpc: "2.0", partial_result_token: nil, work_done_token: nil}, text_document: #Protocol.Types.TextDocument.Identifier<[uri: "file:///home/ppp/minji/work/techtalks/elixir-introduction/demo/sum_sup_worker.exs"]>, method: "textDocument/completion", jsonrpc: "2.0", partial_result_token: nil, work_done_token: nil}, nil)
    (lx_server 0.7.2) lib/lexical/server/task_queue.ex:79: anonymous fn/4 in LXical.Server.TaskQueue.State.as_task/2
    (elixir 1.18.3) lib/task/supervised.ex:101: Task.Supervised.invoke_mfa/2
    (elixir 1.18.3) lib/task/supervised.ex:36: Task.Supervised.reply/4

22:47:45.420 [warning] Task Elixir.LXical.Server.Provider.Handlers.Completion.handle/2 ran for  4 ms. Result :success
22:47:45.637 [error] Received textDocument/didChange before server was initialized
22:47:45.639 [error] Failed to handle Elixir.LXical.Protocol.Notifications.DidChange, {{:error, :not_initialized}, %{__struct__: LXical.Server.State, configuration: nil, in_flight_requests: %{}, initialized?: false, shutdown_received?: false}}
22:47:45.639 [error] Could not handle message LXical.Protocol.Notifications.DidChange :ok
22:47:46.513 [error] Received textDocument/didChange before server was initialized
22:47:46.515 [error] Failed to handle Elixir.LXical.Protocol.Notifications.DidChange, {{:error, :not_initialized}, %{__struct__: LXical.Server.State, configuration: nil, in_flight_requests: %{}, initialized?: false, shutdown_received?: false}}
22:47:46.516 [error] Could not handle message LXical.Protocol.Notifications.DidChange :ok
22:47:47.257 [error] Received textDocument/didSave before server was initialized
22:47:47.259 [error] Failed to handle Elixir.LXical.Protocol.Notifications.DidSave, {{:error, :not_initialized}, %{__struct__: LXical.Server.State, configuration: nil, in_flight_requests: %{}, initialized?: false, shutdown_received?: false}}
22:47:47.259 [error] Could not handle message LXical.Protocol.Notifications.DidSave :ok
22:47:47.638 [error] Received textDocument/didChange before server was initialized
22:47:47.640 [error] Failed to handle Elixir.LXical.Protocol.Notifications.DidChange, {{:error, :not_initialized}, %{__struct__: LXical.Server.State, configuration: nil, in_flight_requests: %{}, initialized?: false, shutdown_received?: false}}
22:47:47.640 [error] Could not handle message LXical.Protocol.Notifications.DidChange :ok
22:47:48.354 [error] Received textDocument/didChange before server was initialized
22:47:48.355 [error] Failed to handle Elixir.LXical.Protocol.Notifications.DidChange, {{:error, :not_initialized}, %{__struct__: LXical.Server.State, configuration: nil, in_flight_requests: %{}, initialized?: false, shutdown_received?: false}}
22:47:48.355 [error] Could not handle message LXical.Protocol.Notifications.DidChange :ok
22:47:48.360 [error] ** (FunctionClauseError) no function clause matching in LXical.Server.Provider.Handlers.Completion.handle/2
    (lx_server 0.7.2) lib/lexical/server/provider/handlers/completion.ex:13: LXical.Server.Provider.Handlers.Completion.handle(%{id: 5, position: LxPos<<13, 4>>, context: #Protocol.Types.Completion.Context<[trigger_kind: :invoked]>, __struct__: LXical.Protocol.Requests.Completion, document: #Inspect.Error<
  got UndefinedFunctionError with message:

      """
      function Code.Identifier.inspect_as_atom/1 is undefined or private
      """

  while inspecting:

      %{
        version: 3,
        path: "/home/ppp/minji/work/techtalks/elixir-introduction/demo/sum_sup_worker.exs",
        uri: "file:///home/ppp/minji/work/techtalks/elixir-introduction/demo/sum_sup_worker.exs",
        __struct__: LXical.Document,
        lines: %Lines<"defmodule SumWorker do..."(46 lines)>,
        dirty?: true,
        language_id: "elixir-script"
      }

  Stacktrace:

    (elixir 1.18.3) Code.Identifier.inspect_as_atom(LXical.Document)
    (lx_lexical_shared 0.5.0) lib/lexical/document.ex:25: Inspect.LXical.Document.inspect/2
    (elixir 1.18.3) lib/inspect/algebra.ex:348: Inspect.Algebra.to_doc/2
    (elixir 1.18.3) lib/inspect.ex:366: Inspect.List.keyword/2
    (elixir 1.18.3) lib/inspect/algebra.ex:479: Inspect.Algebra.container_each/6
    (elixir 1.18.3) lib/inspect/algebra.ex:456: Inspect.Algebra.container_doc/6
    (elixir 1.18.3) lib/inspect/algebra.ex:348: Inspect.Algebra.to_doc/2
    (elixir 1.18.3) lib/kernel.ex:2376: Kernel.inspect/2

>, lsp: %{id: 5, position: #Protocol.Types.Position<[line: 12, character: 3]>, context: #Protocol.Types.Completion.Context<[trigger_kind: :invoked]>, __struct__: LXical.Protocol.Requests.Completion.LSP, text_document: #Protocol.Types.TextDocument.Identifier<[uri: "file:///home/ppp/minji/work/techtalks/elixir-introduction/demo/sum_sup_worker.exs"]>, method: "textDocument/completion", jsonrpc: "2.0", partial_result_token: nil, work_done_token: nil}, text_document: #Protocol.Types.TextDocument.Identifier<[uri: "file:///home/ppp/minji/work/techtalks/elixir-introduction/demo/sum_sup_worker.exs"]>, method: "textDocument/completion", jsonrpc: "2.0", partial_result_token: nil, work_done_token: nil}, nil)
    (lx_server 0.7.2) lib/lexical/server/task_queue.ex:79: anonymous fn/4 in LXical.Server.TaskQueue.State.as_task/2
    (elixir 1.18.3) lib/task/supervised.ex:101: Task.Supervised.invoke_mfa/2
    (elixir 1.18.3) lib/task/supervised.ex:36: Task.Supervised.reply/4

22:47:48.360 [warning] Task Elixir.LXical.Server.Provider.Handlers.Completion.handle/2 ran for  4 ms. Result :success
22:47:48.554 [error] Received textDocument/didChange before server was initialized
22:47:48.556 [error] Failed to handle Elixir.LXical.Protocol.Notifications.DidChange, {{:error, :not_initialized}, %{__struct__: LXical.Server.State, configuration: nil, in_flight_requests: %{}, initialized?: false, shutdown_received?: false}}
22:47:48.556 [error] Could not handle message LXical.Protocol.Notifications.DidChange :ok
22:47:48.960 [error] Received textDocument/didChange before server was initialized
22:47:48.962 [error] Failed to handle Elixir.LXical.Protocol.Notifications.DidChange, {{:error, :not_initialized}, %{__struct__: LXical.Server.State, configuration: nil, in_flight_requests: %{}, initialized?: false, shutdown_received?: false}}
22:47:48.962 [error] Could not handle message LXical.Protocol.Notifications.DidChange :ok
22:47:49.109 [error] Received textDocument/didChange before server was initialized
22:47:49.111 [error] Failed to handle Elixir.LXical.Protocol.Notifications.DidChange, {{:error, :not_initialized}, %{__struct__: LXical.Server.State, configuration: nil, in_flight_requests: %{}, initialized?: false, shutdown_received?: false}}
22:47:49.111 [error] Could not handle message LXical.Protocol.Notifications.DidChange :ok
22:47:49.258 [error] Received textDocument/didChange before server was initialized
22:47:49.260 [error] Failed to handle Elixir.LXical.Protocol.Notifications.DidChange, {{:error, :not_initialized}, %{__struct__: LXical.Server.State, configuration: nil, in_flight_requests: %{}, initialized?: false, shutdown_received?: false}}
22:47:49.260 [error] Could not handle message LXical.Protocol.Notifications.DidChange :ok
22:47:49.462 [error] Received textDocument/didChange before server was initialized
22:47:49.464 [error] Failed to handle Elixir.LXical.Protocol.Notifications.DidChange, {{:error, :not_initialized}, %{__struct__: LXical.Server.State, configuration: nil, in_flight_requests: %{}, initialized?: false, shutdown_received?: false}}
22:47:49.464 [error] Could not handle message LXical.Protocol.Notifications.DidChange :ok
22:47:49.796 [error] Received textDocument/didChange before server was initialized
22:47:49.798 [error] Failed to handle Elixir.LXical.Protocol.Notifications.DidChange, {{:error, :not_initialized}, %{__struct__: LXical.Server.State, configuration: nil, in_flight_requests: %{}, initialized?: false, shutdown_received?: false}}
22:47:49.799 [error] Could not handle message LXical.Protocol.Notifications.DidChange :ok
22:47:49.803 [error] ** (FunctionClauseError) no function clause matching in LXical.Server.Provider.Handlers.Completion.handle/2
    (lx_server 0.7.2) lib/lexical/server/provider/handlers/completion.ex:13: LXical.Server.Provider.Handlers.Completion.handle(%{id: 6, position: LxPos<<13, 6>>, context: #Protocol.Types.Completion.Context<[trigger_kind: :invoked]>, __struct__: LXical.Protocol.Requests.Completion, document: #Inspect.Error<
  got UndefinedFunctionError with message:

      """
      function Code.Identifier.inspect_as_atom/1 is undefined or private
      """

  while inspecting:

      %{
        version: 3,
        path: "/home/ppp/minji/work/techtalks/elixir-introduction/demo/sum_sup_worker.exs",
        uri: "file:///home/ppp/minji/work/techtalks/elixir-introduction/demo/sum_sup_worker.exs",
        __struct__: LXical.Document,
        lines: %Lines<"defmodule SumWorker do..."(46 lines)>,
        dirty?: true,
        language_id: "elixir-script"
      }

  Stacktrace:

    (elixir 1.18.3) Code.Identifier.inspect_as_atom(LXical.Document)
    (lx_lexical_shared 0.5.0) lib/lexical/document.ex:25: Inspect.LXical.Document.inspect/2
    (elixir 1.18.3) lib/inspect/algebra.ex:348: Inspect.Algebra.to_doc/2
    (elixir 1.18.3) lib/inspect.ex:366: Inspect.List.keyword/2
    (elixir 1.18.3) lib/inspect/algebra.ex:479: Inspect.Algebra.container_each/6
    (elixir 1.18.3) lib/inspect/algebra.ex:456: Inspect.Algebra.container_doc/6
    (elixir 1.18.3) lib/inspect/algebra.ex:348: Inspect.Algebra.to_doc/2
    (elixir 1.18.3) lib/kernel.ex:2376: Kernel.inspect/2

>, lsp: %{id: 6, position: #Protocol.Types.Position<[line: 12, character: 7]>, context: #Protocol.Types.Completion.Context<[trigger_kind: :invoked]>, __struct__: LXical.Protocol.Requests.Completion.LSP, text_document: #Protocol.Types.TextDocument.Identifier<[uri: "file:///home/ppp/minji/work/techtalks/elixir-introduction/demo/sum_sup_worker.exs"]>, method: "textDocument/completion", jsonrpc: "2.0", partial_result_token: nil, work_done_token: nil}, text_document: #Protocol.Types.TextDocument.Identifier<[uri: "file:///home/ppp/minji/work/techtalks/elixir-introduction/demo/sum_sup_worker.exs"]>, method: "textDocument/completion", jsonrpc: "2.0", partial_result_token: nil, work_done_token: nil}, nil)
    (lx_server 0.7.2) lib/lexical/server/task_queue.ex:79: anonymous fn/4 in LXical.Server.TaskQueue.State.as_task/2
    (elixir 1.18.3) lib/task/supervised.ex:101: Task.Supervised.invoke_mfa/2
    (elixir 1.18.3) lib/task/supervised.ex:36: Task.Supervised.reply/4

22:47:49.803 [warning] Task Elixir.LXical.Server.Provider.Handlers.Completion.handle/2 ran for  4 ms. Result :success
22:47:49.946 [error] Received textDocument/didChange before server was initialized
22:47:49.948 [error] Failed to handle Elixir.LXical.Protocol.Notifications.DidChange, {{:error, :not_initialized}, %{__struct__: LXical.Server.State, configuration: nil, in_flight_requests: %{}, initialized?: false, shutdown_received?: false}}
22:47:49.948 [error] Could not handle message LXical.Protocol.Notifications.DidChange :ok
22:47:50.095 [error] Received textDocument/didChange before server was initialized
22:47:50.097 [error] Failed to handle Elixir.LXical.Protocol.Notifications.DidChange, {{:error, :not_initialized}, %{__struct__: LXical.Server.State, configuration: nil, in_flight_requests: %{}, initialized?: false, shutdown_received?: false}}
22:47:50.097 [error] Could not handle message LXical.Protocol.Notifications.DidChange :ok
22:47:50.750 [error] Received textDocument/didChange before server was initialized
22:47:50.752 [error] Failed to handle Elixir.LXical.Protocol.Notifications.DidChange, {{:error, :not_initialized}, %{__struct__: LXical.Server.State, configuration: nil, in_flight_requests: %{}, initialized?: false, shutdown_received?: false}}
22:47:50.752 [error] Could not handle message LXical.Protocol.Notifications.DidChange :ok
22:47:51.473 [error] Received textDocument/didSave before server was initialized
22:47:51.475 [error] Failed to handle Elixir.LXical.Protocol.Notifications.DidSave, {{:error, :not_initialized}, %{__struct__: LXical.Server.State, configuration: nil, in_flight_requests: %{}, initialized?: false, shutdown_received?: false}}
22:47:51.475 [error] Could not handle message LXical.Protocol.Notifications.DidSave :ok
22:50:21.923 [error] Received shutdown before server was initialized
22:50:21.925 [error] Failed to handle Elixir.LXical.Protocol.Requests.Shutdown, {{:error, :not_initialized}, %{__struct__: LXical.Server.State, configuration: nil, in_flight_requests: %{}, initialized?: false, shutdown_received?: false}}
22:50:21.925 [error] Could not handle message LXical.Protocol.Requests.Shutdown :ok
22:50:22.419 [error] stdio received :eof, server will stop.
22:50:22.419 [error] Child LXical.Server.Transport.StdIO of Supervisor LXical.Server.Supervisor terminated
** (exit) normal
Pid: #PID<0.1556.0>
Start Call: LXical.Server.Transport.StdIO.start_link(:standard_io, &LXical.Server.protocol_message/1)
Restart: :permanent
Shutdown: 5000
Type: :worker
22:50:22.419 [info] Child LXical.Server.Transport.StdIO of Supervisor LXical.Server.Supervisor started
Pid: #PID<0.1563.0>
Start Call: LXical.Server.Transport.StdIO.start_link(:standard_io, &LXical.Server.protocol_message/1)
Restart: :permanent
Shutdown: 5000
Type: :worker
